<?xml version="1.0" encoding="UTF-8"?>
<!-- Generated by org.testng.reporters.JUnitXMLReporter -->
<testsuite hostname="DESKTOP-482OVNE" ignored="0" name="Test" tests="10" failures="0" timestamp="02 Nov 2018 15:46:33 GMT" time="53.853" errors="0">
  <testcase name="logintest" time="4.568" classname="com.actitime.tests.TestCases"/>
  <testcase name="logintest" time="4.438" classname="com.actitime.tests.TestCases"/>
  <testcase name="logintest" time="4.413" classname="com.actitime.tests.TestCases"/>
  <testcase name="logintest" time="4.437" classname="com.actitime.tests.TestCases"/>
  <testcase name="logintest" time="4.455" classname="com.actitime.tests.TestCases"/>
  <testcase name="logintest" time="4.395" classname="com.actitime.tests.TestCases"/>
  <testcase name="logintest" time="4.367" classname="com.actitime.tests.TestCases"/>
  <testcase name="logintest" time="4.421" classname="com.actitime.tests.TestCases"/>
  <testcase name="logintest" time="4.455" classname="com.actitime.tests.TestCases"/>
  <testcase name="logintest" time="4.456" classname="com.actitime.tests.TestCases"/>
</testsuite> <!-- Test -->
