<?xml version="1.0" encoding="UTF-8"?>
<!-- Generated by org.testng.reporters.JUnitXMLReporter -->
<testsuite hostname="DESKTOP-482OVNE" ignored="0" name="Default test" tests="10" failures="0" timestamp="02 Nov 2018 15:45:21 GMT" time="54.256" errors="0">
  <testcase name="logintest" time="4.601" classname="com.actitime.tests.TestCases"/>
  <testcase name="logintest" time="4.485" classname="com.actitime.tests.TestCases"/>
  <testcase name="logintest" time="4.454" classname="com.actitime.tests.TestCases"/>
  <testcase name="logintest" time="4.46" classname="com.actitime.tests.TestCases"/>
  <testcase name="logintest" time="4.432" classname="com.actitime.tests.TestCases"/>
  <testcase name="logintest" time="4.418" classname="com.actitime.tests.TestCases"/>
  <testcase name="logintest" time="4.415" classname="com.actitime.tests.TestCases"/>
  <testcase name="logintest" time="4.466" classname="com.actitime.tests.TestCases"/>
  <testcase name="logintest" time="4.412" classname="com.actitime.tests.TestCases"/>
  <testcase name="logintest" time="4.414" classname="com.actitime.tests.TestCases"/>
</testsuite> <!-- Default test -->
